<?xml version="1.0" encoding="UTF-8"?>
<!-- Generated by org.testng.reporters.JUnitReportReporter -->
<testsuite hostname="LAPTOP-OITAHU7F" failures="0" tests="4" name="testCases.HomeTest" time="18.725" errors="0" timestamp="2022-11-02T09:26:47 IST" skipped="0">
  <testcase classname="testCases.HomeTest" name="verifyHomePageTitleTest" time="4.192"/>
  <system-out/>
  <testcase classname="testCases.HomeTest" name="verifySearchButtonExistTest" time="4.190"/>
  <system-out/>
  <testcase classname="testCases.HomeTest" name="verifyNavigationBarTest" time="5.533"/>
  <system-out/>
  <testcase classname="testCases.HomeTest" name="verifySearchBoxExistTest" time="4.810"/>
  <system-out/>
</testsuite> <!-- testCases.HomeTest -->
