<?xml version="1.0" encoding="UTF-8"?>
<!-- Generated by org.testng.reporters.JUnitReportReporter -->
<testsuite hostname="LAPTOP-OITAHU7F" failures="0" tests="3" name="testCases.RegisterTest" time="80.675" errors="0" timestamp="2022-11-03T09:30:38 IST" skipped="0">
  <testcase classname="testCases.RegisterTest" name="registerNewUserWithAllDetails" time="24.833"/>
  <system-out/>
  <testcase classname="testCases.RegisterTest" name="registerNewUserWithAllDetails" time="26.533"/>
  <system-out/>
  <testcase classname="testCases.RegisterTest" name="registerNewUserWithAllDetails" time="29.309"/>
  <system-out/>
</testsuite> <!-- testCases.RegisterTest -->
